1:// Sample input

2:/*

3: * This is a multiple lines comment.

4: */

5:

6:#pragma source on

7:#pragma statistic on

8:#pragma token on

9:

<kw:int>
<id:main>
<delim:(>
<kw:void>
<delim:)>
<delim:{>
10:int main(void) {

<kw:int>
<id:a>
<delim:;>
11:    int a;

<kw:float>
<id:b>
<op:=>
<op:->
<float:0.1>
<delim:;>
12:    float b = -0.1;

<kw:float>
<id:c>
<op:=>
<op:->
<sci:0032.800E-4>
<delim:;>
13:    float c = -0032.800E-4;

14:

<kw:if>
<delim:(>
<id:c>
<op:==>
<id:a>
<op:+>
<id:b>
<delim:)>
<delim:{>
15:    if (c == a + b) {

<id:c>
<op:=>
<float:000.0001>
<delim:;>
16:        c = 000.0001;

<delim:}>
17:    }

<kw:else>
<delim:{>
18:    else {

<id:c>
<op:=>
<float:0001.1000>
<delim:;>
19:        c = 0001.1000;

<delim:}>
20:    }

21:

<kw:print>
<string:aa"bb\cc\n\t">
22:    print "aa\"bb\\cc\n\t\""

23:

<kw:return>
<int:0>
<delim:;>
24:    return 0;

<delim:}>
25:}

frequencies of identifiers:
main	1
a	2
b	2
c	4
